0 info it worked if it ends with ok
1 verbose cli [ '/usr/local/bin/node', '/usr/local/bin/npm', 'install' ]
2 info using npm@2.14.2
3 info using node@v4.0.0
4 verbose readDependencies loading dependencies from /home/vladimir/Documents/PraksaHtec/PythonProjects/package.json
5 verbose install where, deps [ '/home/vladimir/Documents/PraksaHtec/PythonProjects',
5 verbose install   [ 'grunt',
5 verbose install     'grunt-angular-templates',
5 verbose install     'grunt-autoprefixer',
5 verbose install     'grunt-concurrent',
5 verbose install     'grunt-contrib-clean',
5 verbose install     'grunt-contrib-concat',
5 verbose install     'grunt-contrib-connect',
5 verbose install     'grunt-contrib-copy',
5 verbose install     'grunt-contrib-cssmin',
5 verbose install     'grunt-contrib-htmlmin',
5 verbose install     'grunt-contrib-imagemin',
5 verbose install     'grunt-contrib-jshint',
5 verbose install     'grunt-contrib-uglify',
5 verbose install     'grunt-contrib-watch',
5 verbose install     'grunt-filerev',
5 verbose install     'grunt-google-cdn',
5 verbose install     'grunt-karma',
5 verbose install     'grunt-newer',
5 verbose install     'grunt-ng-annotate',
5 verbose install     'grunt-svgmin',
5 verbose install     'grunt-usemin',
5 verbose install     'grunt-wiredep',
5 verbose install     'jit-grunt',
5 verbose install     'jshint-stylish',
5 verbose install     'karma-jasmine',
5 verbose install     'karma-phantomjs-launcher',
5 verbose install     'time-grunt' ] ]
6 verbose install where, peers [ '/home/vladimir/Documents/PraksaHtec/PythonProjects', [] ]
7 verbose installManyTop reading for lifecycle /home/vladimir/Documents/PraksaHtec/PythonProjects/package.json
8 info preinstall pythonprojects@
9 verbose installManyTop reading scoped package data from /home/vladimir/Documents/PraksaHtec/PythonProjects/node_modules/grunt/package.json
10 verbose installManyTop reading scoped package data from /home/vladimir/Documents/PraksaHtec/PythonProjects/node_modules/grunt-angular-templates/package.json
11 verbose installManyTop reading scoped package data from /home/vladimir/Documents/PraksaHtec/PythonProjects/node_modules/grunt-autoprefixer/package.json
12 verbose installManyTop reading scoped package data from /home/vladimir/Documents/PraksaHtec/PythonProjects/node_modules/grunt-concurrent/package.json
13 verbose installManyTop reading scoped package data from /home/vladimir/Documents/PraksaHtec/PythonProjects/node_modules/grunt-contrib-clean/package.json
14 verbose installManyTop reading scoped package data from /home/vladimir/Documents/PraksaHtec/PythonProjects/node_modules/grunt-contrib-concat/package.json
15 verbose installManyTop reading scoped package data from /home/vladimir/Documents/PraksaHtec/PythonProjects/node_modules/grunt-contrib-connect/package.json
16 verbose installManyTop reading scoped package data from /home/vladimir/Documents/PraksaHtec/PythonProjects/node_modules/grunt-contrib-copy/package.json
17 verbose installManyTop reading scoped package data from /home/vladimir/Documents/PraksaHtec/PythonProjects/node_modules/grunt-contrib-cssmin/package.json
18 verbose installManyTop reading scoped package data from /home/vladimir/Documents/PraksaHtec/PythonProjects/node_modules/grunt-contrib-htmlmin/package.json
19 verbose installManyTop reading scoped package data from /home/vladimir/Documents/PraksaHtec/PythonProjects/node_modules/grunt-contrib-imagemin/package.json
20 verbose installManyTop reading scoped package data from /home/vladimir/Documents/PraksaHtec/PythonProjects/node_modules/grunt-contrib-jshint/package.json
21 verbose installManyTop reading scoped package data from /home/vladimir/Documents/PraksaHtec/PythonProjects/node_modules/grunt-contrib-uglify/package.json
22 verbose installManyTop reading scoped package data from /home/vladimir/Documents/PraksaHtec/PythonProjects/node_modules/grunt-contrib-watch/package.json
23 verbose installManyTop reading scoped package data from /home/vladimir/Documents/PraksaHtec/PythonProjects/node_modules/grunt-filerev/package.json
24 verbose installManyTop reading scoped package data from /home/vladimir/Documents/PraksaHtec/PythonProjects/node_modules/grunt-google-cdn/package.json
25 verbose installManyTop reading scoped package data from /home/vladimir/Documents/PraksaHtec/PythonProjects/node_modules/grunt-karma/package.json
26 verbose installManyTop reading scoped package data from /home/vladimir/Documents/PraksaHtec/PythonProjects/node_modules/grunt-newer/package.json
27 verbose installManyTop reading scoped package data from /home/vladimir/Documents/PraksaHtec/PythonProjects/node_modules/grunt-ng-annotate/package.json
28 verbose installManyTop reading scoped package data from /home/vladimir/Documents/PraksaHtec/PythonProjects/node_modules/grunt-svgmin/package.json
29 verbose installManyTop reading scoped package data from /home/vladimir/Documents/PraksaHtec/PythonProjects/node_modules/grunt-usemin/package.json
30 verbose installManyTop reading scoped package data from /home/vladimir/Documents/PraksaHtec/PythonProjects/node_modules/grunt-wiredep/package.json
31 verbose installManyTop reading scoped package data from /home/vladimir/Documents/PraksaHtec/PythonProjects/node_modules/jasmine-core/package.json
32 verbose installManyTop reading scoped package data from /home/vladimir/Documents/PraksaHtec/PythonProjects/node_modules/jit-grunt/package.json
33 verbose installManyTop reading scoped package data from /home/vladimir/Documents/PraksaHtec/PythonProjects/node_modules/jshint-stylish/package.json
34 verbose installManyTop reading scoped package data from /home/vladimir/Documents/PraksaHtec/PythonProjects/node_modules/karma/package.json
35 verbose installManyTop reading scoped package data from /home/vladimir/Documents/PraksaHtec/PythonProjects/node_modules/karma-jasmine/package.json
36 verbose installManyTop reading scoped package data from /home/vladimir/Documents/PraksaHtec/PythonProjects/node_modules/karma-phantomjs-launcher/package.json
37 verbose installManyTop reading scoped package data from /home/vladimir/Documents/PraksaHtec/PythonProjects/node_modules/phantomjs/package.json
38 verbose installManyTop reading scoped package data from /home/vladimir/Documents/PraksaHtec/PythonProjects/node_modules/time-grunt/package.json
39 info package.json grunt-contrib-copy@0.7.0 No license field.
40 info package.json grunt-contrib-connect@0.9.0 No license field.
41 info package.json grunt@0.4.5 No license field.
42 info package.json grunt-angular-templates@0.5.7 No license field.
43 info package.json grunt-contrib-clean@0.6.0 No license field.
44 info package.json grunt-contrib-concat@0.5.1 No license field.
45 info package.json grunt-contrib-cssmin@0.12.3 No license field.
46 info package.json grunt-contrib-htmlmin@0.4.0 No license field.
47 info package.json grunt-contrib-imagemin@0.9.4 No license field.
48 info package.json grunt-contrib-uglify@0.7.0 No license field.
49 info package.json grunt-contrib-watch@0.6.1 No license field.
50 info package.json grunt-filerev@2.3.1 license should be a valid SPDX license expression
51 info package.json grunt-google-cdn@0.4.3 license should be a valid SPDX license expression
52 info package.json grunt-svgmin@2.0.1 No license field.
53 info package.json grunt-wiredep@2.0.0 No license field.
54 verbose readDependencies loading dependencies from /home/vladimir/Documents/PraksaHtec/PythonProjects/package.json
55 verbose targetResolver reading package data from /home/vladimir/Documents/PraksaHtec/PythonProjects/node_modules/grunt/package.json
56 verbose targetResolver reading package data from /home/vladimir/Documents/PraksaHtec/PythonProjects/node_modules/grunt-angular-templates/package.json
57 verbose targetResolver reading package data from /home/vladimir/Documents/PraksaHtec/PythonProjects/node_modules/grunt-autoprefixer/package.json
58 verbose targetResolver reading package data from /home/vladimir/Documents/PraksaHtec/PythonProjects/node_modules/grunt-concurrent/package.json
59 verbose targetResolver reading package data from /home/vladimir/Documents/PraksaHtec/PythonProjects/node_modules/grunt-contrib-clean/package.json
60 verbose targetResolver reading package data from /home/vladimir/Documents/PraksaHtec/PythonProjects/node_modules/grunt-contrib-concat/package.json
61 verbose targetResolver reading package data from /home/vladimir/Documents/PraksaHtec/PythonProjects/node_modules/grunt-contrib-connect/package.json
62 verbose targetResolver reading package data from /home/vladimir/Documents/PraksaHtec/PythonProjects/node_modules/grunt-contrib-copy/package.json
63 verbose targetResolver reading package data from /home/vladimir/Documents/PraksaHtec/PythonProjects/node_modules/grunt-contrib-cssmin/package.json
64 verbose targetResolver reading package data from /home/vladimir/Documents/PraksaHtec/PythonProjects/node_modules/grunt-contrib-htmlmin/package.json
65 verbose targetResolver reading package data from /home/vladimir/Documents/PraksaHtec/PythonProjects/node_modules/grunt-contrib-imagemin/package.json
66 verbose targetResolver reading package data from /home/vladimir/Documents/PraksaHtec/PythonProjects/node_modules/grunt-contrib-jshint/package.json
67 verbose targetResolver reading package data from /home/vladimir/Documents/PraksaHtec/PythonProjects/node_modules/grunt-contrib-uglify/package.json
68 verbose targetResolver reading package data from /home/vladimir/Documents/PraksaHtec/PythonProjects/node_modules/grunt-contrib-watch/package.json
69 verbose targetResolver reading package data from /home/vladimir/Documents/PraksaHtec/PythonProjects/node_modules/grunt-filerev/package.json
70 verbose targetResolver reading package data from /home/vladimir/Documents/PraksaHtec/PythonProjects/node_modules/grunt-google-cdn/package.json
71 verbose targetResolver reading package data from /home/vladimir/Documents/PraksaHtec/PythonProjects/node_modules/grunt-karma/package.json
72 verbose targetResolver reading package data from /home/vladimir/Documents/PraksaHtec/PythonProjects/node_modules/grunt-newer/package.json
73 verbose targetResolver reading package data from /home/vladimir/Documents/PraksaHtec/PythonProjects/node_modules/grunt-ng-annotate/package.json
74 verbose targetResolver reading package data from /home/vladimir/Documents/PraksaHtec/PythonProjects/node_modules/grunt-svgmin/package.json
75 verbose targetResolver reading package data from /home/vladimir/Documents/PraksaHtec/PythonProjects/node_modules/grunt-usemin/package.json
76 verbose targetResolver reading package data from /home/vladimir/Documents/PraksaHtec/PythonProjects/node_modules/grunt-wiredep/package.json
77 verbose targetResolver reading package data from /home/vladimir/Documents/PraksaHtec/PythonProjects/node_modules/jasmine-core/package.json
78 verbose targetResolver reading package data from /home/vladimir/Documents/PraksaHtec/PythonProjects/node_modules/jit-grunt/package.json
79 verbose targetResolver reading package data from /home/vladimir/Documents/PraksaHtec/PythonProjects/node_modules/jshint-stylish/package.json
80 verbose targetResolver reading package data from /home/vladimir/Documents/PraksaHtec/PythonProjects/node_modules/karma/package.json
81 verbose targetResolver reading package data from /home/vladimir/Documents/PraksaHtec/PythonProjects/node_modules/karma-jasmine/package.json
82 verbose targetResolver reading package data from /home/vladimir/Documents/PraksaHtec/PythonProjects/node_modules/karma-phantomjs-launcher/package.json
83 verbose targetResolver reading package data from /home/vladimir/Documents/PraksaHtec/PythonProjects/node_modules/phantomjs/package.json
84 verbose targetResolver reading package data from /home/vladimir/Documents/PraksaHtec/PythonProjects/node_modules/time-grunt/package.json
85 verbose targetResolver reading package data from /home/vladimir/Documents/PraksaHtec/PythonProjects/node_modules/.bin/karma/package.json
86 verbose targetResolver reading package data from /home/vladimir/Documents/PraksaHtec/PythonProjects/node_modules/.bin/karma.cmd/package.json
87 verbose targetResolver reading package data from /home/vladimir/Documents/PraksaHtec/PythonProjects/node_modules/.bin/phantomjs/package.json
88 verbose targetResolver reading package data from /home/vladimir/Documents/PraksaHtec/PythonProjects/node_modules/.bin/phantomjs.cmd/package.json
89 verbose already installed skipping grunt-newer@^1.1.0 /home/vladimir/Documents/PraksaHtec/PythonProjects
90 verbose already installed skipping grunt-ng-annotate@^0.9.2 /home/vladimir/Documents/PraksaHtec/PythonProjects
91 verbose already installed skipping grunt-svgmin@^2.0.0 /home/vladimir/Documents/PraksaHtec/PythonProjects
92 verbose already installed skipping grunt-usemin@^3.0.0 /home/vladimir/Documents/PraksaHtec/PythonProjects
93 verbose already installed skipping grunt-wiredep@^2.0.0 /home/vladimir/Documents/PraksaHtec/PythonProjects
94 verbose already installed skipping jit-grunt@^0.9.1 /home/vladimir/Documents/PraksaHtec/PythonProjects
95 verbose already installed skipping jshint-stylish@^1.0.0 /home/vladimir/Documents/PraksaHtec/PythonProjects
96 verbose already installed skipping karma-jasmine@* /home/vladimir/Documents/PraksaHtec/PythonProjects
97 verbose already installed skipping karma-phantomjs-launcher@* /home/vladimir/Documents/PraksaHtec/PythonProjects
98 verbose already installed skipping time-grunt@^1.0.0 /home/vladimir/Documents/PraksaHtec/PythonProjects
99 verbose already installed skipping grunt@^0.4.5 /home/vladimir/Documents/PraksaHtec/PythonProjects
100 verbose already installed skipping grunt-angular-templates@^0.5.7 /home/vladimir/Documents/PraksaHtec/PythonProjects
101 verbose already installed skipping grunt-autoprefixer@^2.0.0 /home/vladimir/Documents/PraksaHtec/PythonProjects
102 verbose already installed skipping grunt-concurrent@^1.0.0 /home/vladimir/Documents/PraksaHtec/PythonProjects
103 verbose already installed skipping grunt-contrib-clean@^0.6.0 /home/vladimir/Documents/PraksaHtec/PythonProjects
104 verbose already installed skipping grunt-contrib-concat@^0.5.0 /home/vladimir/Documents/PraksaHtec/PythonProjects
105 verbose already installed skipping grunt-contrib-connect@^0.9.0 /home/vladimir/Documents/PraksaHtec/PythonProjects
106 verbose already installed skipping grunt-contrib-copy@^0.7.0 /home/vladimir/Documents/PraksaHtec/PythonProjects
107 verbose already installed skipping grunt-contrib-cssmin@^0.12.0 /home/vladimir/Documents/PraksaHtec/PythonProjects
108 verbose already installed skipping grunt-contrib-htmlmin@^0.4.0 /home/vladimir/Documents/PraksaHtec/PythonProjects
109 verbose already installed skipping grunt-contrib-imagemin@^0.9.2 /home/vladimir/Documents/PraksaHtec/PythonProjects
110 verbose already installed skipping grunt-contrib-jshint@^0.11.0 /home/vladimir/Documents/PraksaHtec/PythonProjects
111 verbose already installed skipping grunt-contrib-uglify@^0.7.0 /home/vladimir/Documents/PraksaHtec/PythonProjects
112 verbose already installed skipping grunt-contrib-watch@^0.6.1 /home/vladimir/Documents/PraksaHtec/PythonProjects
113 verbose already installed skipping grunt-filerev@^2.1.2 /home/vladimir/Documents/PraksaHtec/PythonProjects
114 verbose already installed skipping grunt-google-cdn@^0.4.3 /home/vladimir/Documents/PraksaHtec/PythonProjects
115 verbose already installed skipping grunt-karma@* /home/vladimir/Documents/PraksaHtec/PythonProjects
116 silly install resolved []
117 info build /home/vladimir/Documents/PraksaHtec/PythonProjects
118 info linkStuff pythonprojects@
119 silly linkStuff pythonprojects@ has /home/vladimir/Documents/PraksaHtec as its parent node_modules
120 verbose linkBins pythonprojects@
121 verbose linkMans pythonprojects@
122 verbose rebuildBundles pythonprojects@
123 verbose rebuildBundles [ '.bin',
123 verbose rebuildBundles   'grunt',
123 verbose rebuildBundles   'grunt-angular-templates',
123 verbose rebuildBundles   'grunt-autoprefixer',
123 verbose rebuildBundles   'grunt-concurrent',
123 verbose rebuildBundles   'grunt-contrib-clean',
123 verbose rebuildBundles   'grunt-contrib-concat',
123 verbose rebuildBundles   'grunt-contrib-connect',
123 verbose rebuildBundles   'grunt-contrib-copy',
123 verbose rebuildBundles   'grunt-contrib-cssmin',
123 verbose rebuildBundles   'grunt-contrib-htmlmin',
123 verbose rebuildBundles   'grunt-contrib-imagemin',
123 verbose rebuildBundles   'grunt-contrib-jshint',
123 verbose rebuildBundles   'grunt-contrib-uglify',
123 verbose rebuildBundles   'grunt-contrib-watch',
123 verbose rebuildBundles   'grunt-filerev',
123 verbose rebuildBundles   'grunt-google-cdn',
123 verbose rebuildBundles   'grunt-karma',
123 verbose rebuildBundles   'grunt-newer',
123 verbose rebuildBundles   'grunt-ng-annotate',
123 verbose rebuildBundles   'grunt-svgmin',
123 verbose rebuildBundles   'grunt-usemin',
123 verbose rebuildBundles   'grunt-wiredep',
123 verbose rebuildBundles   'jasmine-core',
123 verbose rebuildBundles   'jit-grunt',
123 verbose rebuildBundles   'jshint-stylish',
123 verbose rebuildBundles   'karma',
123 verbose rebuildBundles   'karma-jasmine',
123 verbose rebuildBundles   'karma-phantomjs-launcher',
123 verbose rebuildBundles   'phantomjs',
123 verbose rebuildBundles   'time-grunt' ]
124 verbose rebuild bundle /home/vladimir/Documents/PraksaHtec/PythonProjects/node_modules/jasmine-core
125 info build /home/vladimir/Documents/PraksaHtec/PythonProjects/node_modules/jasmine-core
126 info preinstall jasmine-core@2.3.4
127 info linkStuff jasmine-core@2.3.4
128 silly linkStuff jasmine-core@2.3.4 has /home/vladimir/Documents/PraksaHtec/PythonProjects/node_modules as its parent node_modules
129 verbose linkBins jasmine-core@2.3.4
130 verbose linkMans jasmine-core@2.3.4
131 verbose rebuildBundles jasmine-core@2.3.4
132 info install jasmine-core@2.3.4
133 info postinstall jasmine-core@2.3.4
134 verbose rebuild bundle /home/vladimir/Documents/PraksaHtec/PythonProjects/node_modules/karma
135 info build /home/vladimir/Documents/PraksaHtec/PythonProjects/node_modules/karma
136 info preinstall karma@0.13.9
137 info linkStuff karma@0.13.9
138 silly linkStuff karma@0.13.9 has /home/vladimir/Documents/PraksaHtec/PythonProjects/node_modules as its parent node_modules
139 verbose linkBins karma@0.13.9
140 verbose link bins [ { karma: './bin/karma' },
140 verbose link bins   '/home/vladimir/Documents/PraksaHtec/PythonProjects/node_modules/.bin',
140 verbose link bins   false ]
141 verbose linkMans karma@0.13.9
142 verbose rebuildBundles karma@0.13.9
143 verbose rebuildBundles [ '.bin',
143 verbose rebuildBundles   'bluebird',
143 verbose rebuildBundles   'body-parser',
143 verbose rebuildBundles   'chokidar',
143 verbose rebuildBundles   'colors',
143 verbose rebuildBundles   'connect',
143 verbose rebuildBundles   'core-js',
143 verbose rebuildBundles   'di',
143 verbose rebuildBundles   'dom-serialize',
143 verbose rebuildBundles   'expand-braces',
143 verbose rebuildBundles   'glob',
143 verbose rebuildBundles   'graceful-fs',
143 verbose rebuildBundles   'http-proxy',
143 verbose rebuildBundles   'lodash',
143 verbose rebuildBundles   'log4js',
143 verbose rebuildBundles   'memoizee',
143 verbose rebuildBundles   'mime',
143 verbose rebuildBundles   'minimatch',
143 verbose rebuildBundles   'optimist',
143 verbose rebuildBundles   'rimraf',
143 verbose rebuildBundles   'socket.io',
143 verbose rebuildBundles   'source-map',
143 verbose rebuildBundles   'useragent' ]
144 silly gentlyRm /home/vladimir/Documents/PraksaHtec/PythonProjects/node_modules/.bin/karma is being purged
145 verbose gentlyRm don't care about contents; nuking /home/vladimir/Documents/PraksaHtec/PythonProjects/node_modules/.bin/karma
146 silly vacuum-fs purging /home/vladimir/Documents/PraksaHtec/PythonProjects/node_modules/.bin/karma
147 silly vacuum-fs quitting because other entries in /home/vladimir/Documents/PraksaHtec/PythonProjects/node_modules/.bin
148 info install karma@0.13.9
149 info postinstall karma@0.13.9
150 verbose rebuild bundle /home/vladimir/Documents/PraksaHtec/PythonProjects/node_modules/phantomjs
151 info build /home/vladimir/Documents/PraksaHtec/PythonProjects/node_modules/phantomjs
152 info preinstall phantomjs@1.9.18
153 info linkStuff phantomjs@1.9.18
154 silly linkStuff phantomjs@1.9.18 has /home/vladimir/Documents/PraksaHtec/PythonProjects/node_modules as its parent node_modules
155 verbose linkBins phantomjs@1.9.18
156 verbose link bins [ { phantomjs: './bin/phantomjs' },
156 verbose link bins   '/home/vladimir/Documents/PraksaHtec/PythonProjects/node_modules/.bin',
156 verbose link bins   false ]
157 verbose linkMans phantomjs@1.9.18
158 verbose rebuildBundles phantomjs@1.9.18
159 verbose rebuildBundles [ '.bin',
159 verbose rebuildBundles   'adm-zip',
159 verbose rebuildBundles   'fs-extra',
159 verbose rebuildBundles   'kew',
159 verbose rebuildBundles   'npmconf',
159 verbose rebuildBundles   'progress',
159 verbose rebuildBundles   'request',
159 verbose rebuildBundles   'request-progress',
159 verbose rebuildBundles   'which' ]
160 silly gentlyRm /home/vladimir/Documents/PraksaHtec/PythonProjects/node_modules/.bin/phantomjs is being purged
161 verbose gentlyRm don't care about contents; nuking /home/vladimir/Documents/PraksaHtec/PythonProjects/node_modules/.bin/phantomjs
162 silly vacuum-fs purging /home/vladimir/Documents/PraksaHtec/PythonProjects/node_modules/.bin/phantomjs
163 silly vacuum-fs quitting because other entries in /home/vladimir/Documents/PraksaHtec/PythonProjects/node_modules/.bin
164 info install phantomjs@1.9.18
165 verbose unsafe-perm in lifecycle false
166 info phantomjs@1.9.18 Failed to exec install script
167 verbose stack Error: phantomjs@1.9.18 install: `node install.js`
167 verbose stack Exit status 1
167 verbose stack     at EventEmitter.<anonymous> (/usr/local/lib/node_modules/npm/lib/utils/lifecycle.js:214:16)
167 verbose stack     at emitTwo (events.js:87:13)
167 verbose stack     at EventEmitter.emit (events.js:172:7)
167 verbose stack     at ChildProcess.<anonymous> (/usr/local/lib/node_modules/npm/lib/utils/spawn.js:24:14)
167 verbose stack     at emitTwo (events.js:87:13)
167 verbose stack     at ChildProcess.emit (events.js:172:7)
167 verbose stack     at maybeClose (internal/child_process.js:817:16)
167 verbose stack     at Process.ChildProcess._handle.onexit (internal/child_process.js:211:5)
168 verbose pkgid phantomjs@1.9.18
169 verbose cwd /home/vladimir/Documents/PraksaHtec/PythonProjects
170 error Linux 3.13.0-62-generic
171 error argv "/usr/local/bin/node" "/usr/local/bin/npm" "install"
172 error node v4.0.0
173 error npm  v2.14.2
174 error code ELIFECYCLE
175 error phantomjs@1.9.18 install: `node install.js`
175 error Exit status 1
176 error Failed at the phantomjs@1.9.18 install script 'node install.js'.
176 error This is most likely a problem with the phantomjs package,
176 error not with npm itself.
176 error Tell the author that this fails on your system:
176 error     node install.js
176 error You can get their info via:
176 error     npm owner ls phantomjs
176 error There is likely additional logging output above.
177 verbose exit [ 1, true ]
